[0.011s] Invoking command in '/home/liror/ros2_ws/build/more_interfaces': CMAKE_PREFIX_PATH=${CMAKE_PREFIX_PATH}:/home/liror/ros2_ws/install/py_pubsub:/opt/ros/jazzy DEBUGINFOD_URLS=https://debuginfod.ubuntu.com /usr/bin/cmake --build /home/liror/ros2_ws/build/more_interfaces -- -j2 -l2
[0.127s] [  2%] Built target more_interfaces__rosidl_generator_type_description
[0.144s] [  2%] Built target ament_cmake_python_copy_more_interfaces
[0.148s] [  5%] [32mBuilding CXX object CMakeFiles/publish_address_book.dir/src/publish_address_book.cpp.o[0m
[0.212s] [ 19%] Built target more_interfaces__rosidl_generator_c
[0.247s] [ 22%] [34m[1mGenerating C++ code for ROS interfaces[0m
[0.668s] [01m[K/home/liror/ros2_ws/src/more_interfaces/src/publish_address_book.cpp:5:10:[m[K [01;31m[Kfatal error: [m[Kmore_interfaces/msg/address_book.hpp: No such file or directory
[0.668s]     5 | #include [01;31m[K"more_interfaces/msg/address_book.hpp"[m[K
[0.668s]       |          [01;31m[K^~~~~~~~~~~~~~~~~~~~~~~~~~~~~~~~~~~~~~[m[K
[0.668s] compilation terminated.
[0.670s] gmake[2]: *** [CMakeFiles/publish_address_book.dir/build.make:76: CMakeFiles/publish_address_book.dir/src/publish_address_book.cpp.o] Error 1
[0.672s] gmake[1]: *** [CMakeFiles/Makefile2:623: CMakeFiles/publish_address_book.dir/all] Error 2
[0.672s] gmake[1]: *** Waiting for unfinished jobs....
[0.679s] [ 22%] Built target more_interfaces__cpp
[0.680s] gmake: *** [Makefile:146: all] Error 2
[0.682s] Invoked command in '/home/liror/ros2_ws/build/more_interfaces' returned '2': CMAKE_PREFIX_PATH=${CMAKE_PREFIX_PATH}:/home/liror/ros2_ws/install/py_pubsub:/opt/ros/jazzy DEBUGINFOD_URLS=https://debuginfod.ubuntu.com /usr/bin/cmake --build /home/liror/ros2_ws/build/more_interfaces -- -j2 -l2
