[0.014s] Invoking command in '/home/liror/ros2_ws/build/cpp_pubsub': CMAKE_PREFIX_PATH=${CMAKE_PREFIX_PATH}:/home/liror/ros2_ws/install/py_pubsub:/opt/ros/jazzy DEBUGINFOD_URLS=https://debuginfod.ubuntu.com /usr/bin/cmake --build /home/liror/ros2_ws/build/cpp_pubsub -- -j2 -l2
[0.073s] [ 25%] [32mBuilding CXX object CMakeFiles/talker.dir/src/publisher_lambda_function.cpp.o[0m
[0.080s] [ 50%] [32mBuilding CXX object CMakeFiles/listener.dir/src/subscriber_lambda.cpp.o[0m
[2.153s] In file included from [01m[K/opt/ros/jazzy/include/rclcpp/rclcpp/logging.hpp:24[m[K,
[2.153s]                  from [01m[K/opt/ros/jazzy/include/rclcpp/rclcpp/copy_all_parameter_values.hpp:27[m[K,
[2.153s]                  from [01m[K/opt/ros/jazzy/include/rclcpp/rclcpp/rclcpp.hpp:171[m[K,
[2.153s]                  from [01m[K/home/liror/ros2_ws/src/cpp_pubsub/src/subscriber_lambda.cpp:17[m[K:
[2.158s] [01m[K/home/liror/ros2_ws/src/cpp_pubsub/src/subscriber_lambda.cpp:[m[K In lambda function:
[2.158s] [01m[K/home/liror/ros2_ws/src/cpp_pubsub/src/subscriber_lambda.cpp:29:54:[m[K [01;31m[Kerror: [m[Kinvalid operands of types â€˜[01m[Kconst char [11][m[Kâ€™ and â€˜[01m[Kconst tutorial_interfaces::msg::Num_<std::allocator<void> >::_num_type[m[Kâ€™ {aka â€˜[01m[Kconst long int[m[Kâ€™} to binary â€˜[01m[Koperator<<[m[Kâ€™
[2.158s]    29 |         RCLCPP_INFO(this->get_logger(), [32m[K"I heard: '"[m[K [01;31m[K<<[m[K [34m[Kmsg.num[m[K << "'");
[2.158s]       |                                         [32m[K~~~~~~~~~~~~[m[K [01;31m[K^~[m[K [34m[K~~~~~~~[m[K
[2.158s]       |                                         [32m[K|[m[K                   [34m[K|[m[K
[2.158s]       |                                         [32m[Kconst char [11][m[K     [34m[Kconst tutorial_interfaces::msg::Num_<std::allocator<void> >::_num_type {aka const long int}[m[K
[3.908s] [ 75%] [32m[1mLinking CXX executable talker[0m
[4.073s] [ 75%] Built target talker
[4.172s] gmake[2]: *** [CMakeFiles/listener.dir/build.make:76: CMakeFiles/listener.dir/src/subscriber_lambda.cpp.o] Error 1
[4.172s] gmake[1]: *** [CMakeFiles/Makefile2:165: CMakeFiles/listener.dir/all] Error 2
[4.172s] gmake: *** [Makefile:146: all] Error 2
[4.174s] Invoked command in '/home/liror/ros2_ws/build/cpp_pubsub' returned '2': CMAKE_PREFIX_PATH=${CMAKE_PREFIX_PATH}:/home/liror/ros2_ws/install/py_pubsub:/opt/ros/jazzy DEBUGINFOD_URLS=https://debuginfod.ubuntu.com /usr/bin/cmake --build /home/liror/ros2_ws/build/cpp_pubsub -- -j2 -l2
