[0.014s] Invoking command in '/home/liror/ros2_ws/build/cpp_pubsub': CMAKE_PREFIX_PATH=${CMAKE_PREFIX_PATH}:/home/liror/ros2_ws/install/py_pubsub:/opt/ros/jazzy DEBUGINFOD_URLS=https://debuginfod.ubuntu.com /usr/bin/cmake --build /home/liror/ros2_ws/build/cpp_pubsub -- -j2 -l2
[0.036s] -- Found ament_cmake: 2.5.3 (/opt/ros/jazzy/share/ament_cmake/cmake)
[0.209s] -- Found rclcpp: 28.1.8 (/opt/ros/jazzy/share/rclcpp/cmake)
[0.229s] -- Found rosidl_generator_c: 4.6.5 (/opt/ros/jazzy/share/rosidl_generator_c/cmake)
[0.236s] -- Found rosidl_generator_cpp: 4.6.5 (/opt/ros/jazzy/share/rosidl_generator_cpp/cmake)
[0.245s] -- Using all available rosidl_typesupport_c: rosidl_typesupport_fastrtps_c;rosidl_typesupport_introspection_c
[0.256s] -- Using all available rosidl_typesupport_cpp: rosidl_typesupport_fastrtps_cpp;rosidl_typesupport_introspection_cpp
[0.310s] -- Found rmw_implementation_cmake: 7.3.2 (/opt/ros/jazzy/share/rmw_implementation_cmake/cmake)
[0.310s] -- Found rmw_fastrtps_cpp: 8.4.2 (/opt/ros/jazzy/share/rmw_fastrtps_cpp/cmake)
[0.360s] -- Using RMW implementation 'rmw_fastrtps_cpp' as default
[0.414s] -- Found tutorial_interfaces: 0.0.0 (/home/liror/ros2_ws/install/tutorial_interfaces/share/tutorial_interfaces/cmake)
[0.533s] -- Configuring done (0.5s)
[0.545s] -- Generating done (0.0s)
[0.550s] -- Build files have been written to: /home/liror/ros2_ws/build/cpp_pubsub
[0.588s] [ 25%] [32mBuilding CXX object CMakeFiles/listener.dir/src/subscriber_lambda.cpp.o[0m
[0.592s] [ 50%] [32mBuilding CXX object CMakeFiles/talker.dir/src/publisher_lambda_function.cpp.o[0m
[2.562s] In file included from [01m[K/opt/ros/jazzy/include/rclcpp/rclcpp/logging.hpp:24[m[K,
[2.562s]                  from [01m[K/opt/ros/jazzy/include/rclcpp/rclcpp/copy_all_parameter_values.hpp:27[m[K,
[2.562s]                  from [01m[K/opt/ros/jazzy/include/rclcpp/rclcpp/rclcpp.hpp:171[m[K,
[2.562s]                  from [01m[K/home/liror/ros2_ws/src/cpp_pubsub/src/publisher_lambda_function.cpp:19[m[K:
[2.562s] [01m[K/home/liror/ros2_ws/src/cpp_pubsub/src/publisher_lambda_function.cpp:[m[K In lambda function:
[2.562s] [01m[K/home/liror/ros2_ws/src/cpp_pubsub/src/publisher_lambda_function.cpp:40:57:[m[K [01;31m[Kerror: [m[Kinvalid operands of types â€˜[01m[Kconst char [14][m[Kâ€™ and â€˜[01m[Ktutorial_interfaces::msg::Num_<std::allocator<void> >::_num_type[m[Kâ€™ {aka â€˜[01m[Klong int[m[Kâ€™} to binary â€˜[01m[Koperator<<[m[Kâ€™
[2.562s]    40 |         RCLCPP_INFO(this->get_logger(), [32m[K"Publishing: '"[m[K [01;31m[K<<[m[K [34m[Kmessage.num[m[K << "'");
[2.563s]       |                                         [32m[K~~~~~~~~~~~~~~~[m[K [01;31m[K^~[m[K [34m[K~~~~~~~~~~~[m[K
[2.563s]       |                                         [32m[K|[m[K                          [34m[K|[m[K
[2.563s]       |                                         [32m[Kconst char [14][m[K            [34m[Ktutorial_interfaces::msg::Num_<std::allocator<void> >::_num_type {aka long int}[m[K
[2.772s] In file included from [01m[K/opt/ros/jazzy/include/rclcpp/rclcpp/logging.hpp:24[m[K,
[2.772s]                  from [01m[K/opt/ros/jazzy/include/rclcpp/rclcpp/copy_all_parameter_values.hpp:27[m[K,
[2.772s]                  from [01m[K/opt/ros/jazzy/include/rclcpp/rclcpp/rclcpp.hpp:171[m[K,
[2.772s]                  from [01m[K/home/liror/ros2_ws/src/cpp_pubsub/src/subscriber_lambda.cpp:17[m[K:
[2.772s] [01m[K/home/liror/ros2_ws/src/cpp_pubsub/src/subscriber_lambda.cpp:[m[K In lambda function:
[2.772s] [01m[K/home/liror/ros2_ws/src/cpp_pubsub/src/subscriber_lambda.cpp:29:54:[m[K [01;31m[Kerror: [m[Kinvalid operands of types â€˜[01m[Kconst char [11][m[Kâ€™ and â€˜[01m[Ktutorial_interfaces::msg::Num_<std::allocator<void> >::_num_type[m[Kâ€™ {aka â€˜[01m[Klong int[m[Kâ€™} to binary â€˜[01m[Koperator<<[m[Kâ€™
[2.772s]    29 |         RCLCPP_INFO(this->get_logger(), [32m[K"I heard: '"[m[K [01;31m[K<<[m[K [34m[Kmsg->num[m[K << "'");
[2.772s]       |                                         [32m[K~~~~~~~~~~~~[m[K [01;31m[K^~[m[K [34m[K~~~~~~~~[m[K
[2.772s]       |                                         [32m[K|[m[K                    [34m[K|[m[K
[2.772s]       |                                         [32m[Kconst char [11][m[K      [34m[Ktutorial_interfaces::msg::Num_<std::allocator<void> >::_num_type {aka long int}[m[K
[3.452s] gmake[2]: *** [CMakeFiles/talker.dir/build.make:76: CMakeFiles/talker.dir/src/publisher_lambda_function.cpp.o] Error 1
[3.453s] gmake[1]: *** [CMakeFiles/Makefile2:139: CMakeFiles/talker.dir/all] Error 2
[3.453s] gmake[1]: *** Waiting for unfinished jobs....
[4.544s] gmake[2]: *** [CMakeFiles/listener.dir/build.make:76: CMakeFiles/listener.dir/src/subscriber_lambda.cpp.o] Error 1
[4.545s] gmake[1]: *** [CMakeFiles/Makefile2:165: CMakeFiles/listener.dir/all] Error 2
[4.545s] gmake: *** [Makefile:146: all] Error 2
[4.547s] Invoked command in '/home/liror/ros2_ws/build/cpp_pubsub' returned '2': CMAKE_PREFIX_PATH=${CMAKE_PREFIX_PATH}:/home/liror/ros2_ws/install/py_pubsub:/opt/ros/jazzy DEBUGINFOD_URLS=https://debuginfod.ubuntu.com /usr/bin/cmake --build /home/liror/ros2_ws/build/cpp_pubsub -- -j2 -l2
